<?xml version="1.0" encoding="UTF-8"?>
<coverage generated="1618601587450" clover="3.2.0">
  <project timestamp="1618601587453" name="All files">
    <metrics statements="78" coveredstatements="78" conditionals="34" coveredconditionals="34" methods="9" coveredmethods="9" elements="121" coveredelements="121" complexity="0" loc="78" ncloc="78" packages="1" files="1" classes="1"/>
    <file name="main.js" path="D:\DE\DE_HW_closure\main.js">
      <metrics statements="78" coveredstatements="78" conditionals="34" coveredconditionals="34" methods="9" coveredmethods="9"/>
      <line num="27" count="9" type="cond" truecount="2" falsecount="0"/>
      <line num="28" count="7" type="stmt"/>
      <line num="30" count="7" type="stmt"/>
      <line num="31" count="7" type="stmt"/>
      <line num="35" count="26" type="cond" truecount="2" falsecount="0"/>
      <line num="37" count="4" type="stmt"/>
      <line num="40" count="22" type="cond" truecount="4" falsecount="0"/>
      <line num="41" count="19" type="stmt"/>
      <line num="42" count="19" type="stmt"/>
      <line num="45" count="3" type="stmt"/>
      <line num="50" count="7" type="stmt"/>
      <line num="52" count="7" type="stmt"/>
      <line num="54" count="2" type="stmt"/>
      <line num="57" count="1" type="stmt"/>
      <line num="58" count="1" type="stmt"/>
      <line num="59" count="1" type="stmt"/>
      <line num="60" count="1" type="stmt"/>
      <line num="61" count="1" type="stmt"/>
      <line num="62" count="1" type="stmt"/>
      <line num="68" count="1" type="stmt"/>
      <line num="82" count="12" type="cond" truecount="2" falsecount="0"/>
      <line num="83" count="2" type="stmt"/>
      <line num="84" count="2" type="stmt"/>
      <line num="85" count="2" type="stmt"/>
      <line num="86" count="2" type="stmt"/>
      <line num="90" count="10" type="stmt"/>
      <line num="91" count="10" type="stmt"/>
      <line num="92" count="5" type="stmt"/>
      <line num="93" count="5" type="stmt"/>
      <line num="99" count="12" type="stmt"/>
      <line num="101" count="44" type="cond" truecount="2" falsecount="0"/>
      <line num="102" count="12" type="stmt"/>
      <line num="104" count="32" type="stmt"/>
      <line num="105" count="32" type="stmt"/>
      <line num="109" count="12" type="stmt"/>
      <line num="110" count="12" type="stmt"/>
      <line num="111" count="35" type="cond" truecount="2" falsecount="0"/>
      <line num="112" count="12" type="cond" truecount="2" falsecount="0"/>
      <line num="113" count="3" type="stmt"/>
      <line num="114" count="3" type="stmt"/>
      <line num="117" count="9" type="stmt"/>
      <line num="118" count="9" type="stmt"/>
      <line num="122" count="12" type="stmt"/>
      <line num="125" count="1" type="stmt"/>
      <line num="126" count="1" type="stmt"/>
      <line num="127" count="1" type="stmt"/>
      <line num="128" count="1" type="stmt"/>
      <line num="133" count="1" type="stmt"/>
      <line num="211" count="5" type="cond" truecount="4" falsecount="0"/>
      <line num="212" count="2" type="stmt"/>
      <line num="214" count="3" type="stmt"/>
      <line num="215" count="3" type="stmt"/>
      <line num="217" count="15" type="cond" truecount="2" falsecount="0"/>
      <line num="218" count="3" type="stmt"/>
      <line num="221" count="12" type="cond" truecount="2" falsecount="0"/>
      <line num="222" count="1" type="stmt"/>
      <line num="224" count="12" type="cond" truecount="2" falsecount="0"/>
      <line num="225" count="2" type="stmt"/>
      <line num="226" count="5" type="cond" truecount="2" falsecount="0"/>
      <line num="227" count="3" type="stmt"/>
      <line num="231" count="12" type="stmt"/>
      <line num="235" count="3" type="stmt"/>
      <line num="236" count="3" type="stmt"/>
      <line num="240" count="1" type="stmt"/>
      <line num="245" count="8" type="stmt"/>
      <line num="249" count="4" type="stmt"/>
      <line num="251" count="4" type="stmt"/>
      <line num="252" count="11" type="stmt"/>
      <line num="253" count="8" type="cond" truecount="4" falsecount="0"/>
      <line num="254" count="6" type="stmt"/>
      <line num="257" count="5" type="stmt"/>
      <line num="258" count="5" type="stmt"/>
      <line num="259" count="5" type="stmt"/>
      <line num="262" count="1" type="stmt"/>
      <line num="264" count="1" type="stmt"/>
      <line num="265" count="1" type="stmt"/>
      <line num="266" count="1" type="stmt"/>
      <line num="269" count="1" type="stmt"/>
    </file>
  </project>
</coverage>
