{"D:\\DE\\DE_HW_closure\\main.js": {"path":"D:\\DE\\DE_HW_closure\\main.js","statementMap":{"0":{"start":{"line":27,"column":4},"end":{"line":54,"column":23}},"1":{"start":{"line":28,"column":8},"end":{"line":28,"column":31}},"2":{"start":{"line":30,"column":13},"end":{"line":30,"column":14}},"3":{"start":{"line":31,"column":12},"end":{"line":31,"column":14}},"4":{"start":{"line":35,"column":12},"end":{"line":47,"column":13}},"5":{"start":{"line":37,"column":20},"end":{"line":37,"column":36}},"6":{"start":{"line":40,"column":16},"end":{"line":46,"column":17}},"7":{"start":{"line":41,"column":20},"end":{"line":41,"column":28}},"8":{"start":{"line":42,"column":20},"end":{"line":42,"column":39}},"9":{"start":{"line":45,"column":20},"end":{"line":45,"column":114}},"10":{"start":{"line":50,"column":4},"end":{"line":50,"column":15}},"11":{"start":{"line":52,"column":4},"end":{"line":52,"column":14}},"12":{"start":{"line":54,"column":9},"end":{"line":54,"column":23}},"13":{"start":{"line":57,"column":0},"end":{"line":57,"column":34}},"14":{"start":{"line":58,"column":0},"end":{"line":58,"column":31}},"15":{"start":{"line":59,"column":0},"end":{"line":59,"column":39}},"16":{"start":{"line":60,"column":0},"end":{"line":60,"column":35}},"17":{"start":{"line":61,"column":0},"end":{"line":61,"column":47}},"18":{"start":{"line":62,"column":0},"end":{"line":62,"column":41}},"19":{"start":{"line":68,"column":8},"end":{"line":79,"column":1}},"20":{"start":{"line":82,"column":4},"end":{"line":95,"column":5}},"21":{"start":{"line":83,"column":16},"end":{"line":83,"column":17}},"22":{"start":{"line":84,"column":8},"end":{"line":87,"column":9}},"23":{"start":{"line":85,"column":12},"end":{"line":85,"column":19}},"24":{"start":{"line":86,"column":12},"end":{"line":86,"column":15}},"25":{"start":{"line":90,"column":16},"end":{"line":90,"column":17}},"26":{"start":{"line":91,"column":8},"end":{"line":94,"column":9}},"27":{"start":{"line":92,"column":12},"end":{"line":92,"column":19}},"28":{"start":{"line":93,"column":12},"end":{"line":93,"column":15}},"29":{"start":{"line":99,"column":15},"end":{"line":99,"column":17}},"30":{"start":{"line":101,"column":8},"end":{"line":106,"column":9}},"31":{"start":{"line":102,"column":12},"end":{"line":102,"column":26}},"32":{"start":{"line":104,"column":16},"end":{"line":104,"column":51}},"33":{"start":{"line":105,"column":16},"end":{"line":105,"column":30}},"34":{"start":{"line":109,"column":4},"end":{"line":109,"column":24}},"35":{"start":{"line":110,"column":4},"end":{"line":121,"column":5}},"36":{"start":{"line":110,"column":14},"end":{"line":110,"column":15}},"37":{"start":{"line":111,"column":8},"end":{"line":120,"column":9}},"38":{"start":{"line":112,"column":12},"end":{"line":119,"column":13}},"39":{"start":{"line":113,"column":16},"end":{"line":113,"column":44}},"40":{"start":{"line":114,"column":16},"end":{"line":114,"column":51}},"41":{"start":{"line":117,"column":16},"end":{"line":117,"column":56}},"42":{"start":{"line":118,"column":16},"end":{"line":118,"column":47}},"43":{"start":{"line":122,"column":4},"end":{"line":122,"column":26}},"44":{"start":{"line":125,"column":0},"end":{"line":125,"column":32}},"45":{"start":{"line":126,"column":0},"end":{"line":126,"column":32}},"46":{"start":{"line":127,"column":0},"end":{"line":127,"column":34}},"47":{"start":{"line":128,"column":0},"end":{"line":128,"column":34}},"48":{"start":{"line":133,"column":19},"end":{"line":193,"column":1}},"49":{"start":{"line":211,"column":4},"end":{"line":213,"column":5}},"50":{"start":{"line":212,"column":8},"end":{"line":212,"column":22}},"51":{"start":{"line":214,"column":17},"end":{"line":214,"column":18}},"52":{"start":{"line":215,"column":20},"end":{"line":215,"column":21}},"53":{"start":{"line":217,"column":8},"end":{"line":232,"column":9}},"54":{"start":{"line":218,"column":12},"end":{"line":218,"column":27}},"55":{"start":{"line":221,"column":12},"end":{"line":223,"column":13}},"56":{"start":{"line":222,"column":16},"end":{"line":222,"column":29}},"57":{"start":{"line":224,"column":12},"end":{"line":230,"column":13}},"58":{"start":{"line":225,"column":16},"end":{"line":229,"column":17}},"59":{"start":{"line":225,"column":26},"end":{"line":225,"column":27}},"60":{"start":{"line":226,"column":20},"end":{"line":228,"column":21}},"61":{"start":{"line":227,"column":24},"end":{"line":227,"column":38}},"62":{"start":{"line":231,"column":12},"end":{"line":231,"column":26}},"63":{"start":{"line":235,"column":4},"end":{"line":235,"column":16}},"64":{"start":{"line":236,"column":4},"end":{"line":236,"column":72}},"65":{"start":{"line":240,"column":0},"end":{"line":240,"column":58}},"66":{"start":{"line":245,"column":4},"end":{"line":245,"column":23}},"67":{"start":{"line":249,"column":16},"end":{"line":249,"column":18}},"68":{"start":{"line":251,"column":4},"end":{"line":260,"column":6}},"69":{"start":{"line":252,"column":6},"end":{"line":256,"column":7}},"70":{"start":{"line":252,"column":19},"end":{"line":252,"column":20}},"71":{"start":{"line":253,"column":8},"end":{"line":255,"column":9}},"72":{"start":{"line":254,"column":10},"end":{"line":254,"column":33}},"73":{"start":{"line":257,"column":19},"end":{"line":257,"column":35}},"74":{"start":{"line":258,"column":6},"end":{"line":258,"column":69}},"75":{"start":{"line":259,"column":6},"end":{"line":259,"column":20}},"76":{"start":{"line":262,"column":19},"end":{"line":262,"column":41}},"77":{"start":{"line":264,"column":0},"end":{"line":264,"column":37}},"78":{"start":{"line":265,"column":0},"end":{"line":265,"column":37}},"79":{"start":{"line":266,"column":0},"end":{"line":266,"column":37}},"80":{"start":{"line":269,"column":0},"end":{"line":269,"column":83}}},"fnMap":{"0":{"name":"tickets","decl":{"start":{"line":26,"column":9},"end":{"line":26,"column":16}},"loc":{"start":{"line":26,"column":25},"end":{"line":55,"column":1}},"line":26},"1":{"name":"calcCash","decl":{"start":{"line":33,"column":13},"end":{"line":33,"column":21}},"loc":{"start":{"line":33,"column":30},"end":{"line":48,"column":9}},"line":33},"2":{"name":"getSum","decl":{"start":{"line":80,"column":9},"end":{"line":80,"column":15}},"loc":{"start":{"line":80,"column":28},"end":{"line":123,"column":1}},"line":80},"3":{"name":"countdown","decl":{"start":{"line":100,"column":13},"end":{"line":100,"column":22}},"loc":{"start":{"line":100,"column":26},"end":{"line":107,"column":5}},"line":100},"4":{"name":"getQuntityPostsByAuthor","decl":{"start":{"line":195,"column":9},"end":{"line":195,"column":32}},"loc":{"start":{"line":195,"column":47},"end":{"line":237,"column":1}},"line":195},"5":{"name":"countPost","decl":{"start":{"line":216,"column":13},"end":{"line":216,"column":22}},"loc":{"start":{"line":216,"column":25},"end":{"line":233,"column":5}},"line":216},"6":{"name":"complexFunction","decl":{"start":{"line":244,"column":9},"end":{"line":244,"column":24}},"loc":{"start":{"line":244,"column":37},"end":{"line":246,"column":3}},"line":244},"7":{"name":"cache","decl":{"start":{"line":248,"column":11},"end":{"line":248,"column":16}},"loc":{"start":{"line":248,"column":23},"end":{"line":261,"column":3}},"line":248},"8":{"name":"(anonymous_8)","decl":{"start":{"line":251,"column":11},"end":{"line":251,"column":12}},"loc":{"start":{"line":251,"column":33},"end":{"line":260,"column":5}},"line":251}},"branchMap":{"0":{"loc":{"start":{"line":27,"column":4},"end":{"line":54,"column":23}},"type":"if","locations":[{"start":{"line":27,"column":4},"end":{"line":54,"column":23}},{"start":{"line":27,"column":4},"end":{"line":54,"column":23}}],"line":27},"1":{"loc":{"start":{"line":35,"column":12},"end":{"line":47,"column":13}},"type":"if","locations":[{"start":{"line":35,"column":12},"end":{"line":47,"column":13}},{"start":{"line":35,"column":12},"end":{"line":47,"column":13}}],"line":35},"2":{"loc":{"start":{"line":40,"column":16},"end":{"line":46,"column":17}},"type":"if","locations":[{"start":{"line":40,"column":16},"end":{"line":46,"column":17}},{"start":{"line":40,"column":16},"end":{"line":46,"column":17}}],"line":40},"3":{"loc":{"start":{"line":40,"column":19},"end":{"line":40,"column":74}},"type":"binary-expr","locations":[{"start":{"line":40,"column":19},"end":{"line":40,"column":45}},{"start":{"line":40,"column":49},"end":{"line":40,"column":74}}],"line":40},"4":{"loc":{"start":{"line":80,"column":16},"end":{"line":80,"column":21}},"type":"default-arg","locations":[{"start":{"line":80,"column":18},"end":{"line":80,"column":21}}],"line":80},"5":{"loc":{"start":{"line":80,"column":22},"end":{"line":80,"column":27}},"type":"default-arg","locations":[{"start":{"line":80,"column":24},"end":{"line":80,"column":27}}],"line":80},"6":{"loc":{"start":{"line":82,"column":4},"end":{"line":95,"column":5}},"type":"if","locations":[{"start":{"line":82,"column":4},"end":{"line":95,"column":5}},{"start":{"line":82,"column":4},"end":{"line":95,"column":5}}],"line":82},"7":{"loc":{"start":{"line":101,"column":8},"end":{"line":106,"column":9}},"type":"if","locations":[{"start":{"line":101,"column":8},"end":{"line":106,"column":9}},{"start":{"line":101,"column":8},"end":{"line":106,"column":9}}],"line":101},"8":{"loc":{"start":{"line":111,"column":8},"end":{"line":120,"column":9}},"type":"if","locations":[{"start":{"line":111,"column":8},"end":{"line":120,"column":9}},{"start":{"line":111,"column":8},"end":{"line":120,"column":9}}],"line":111},"9":{"loc":{"start":{"line":112,"column":12},"end":{"line":119,"column":13}},"type":"if","locations":[{"start":{"line":112,"column":12},"end":{"line":119,"column":13}},{"start":{"line":112,"column":12},"end":{"line":119,"column":13}}],"line":112},"10":{"loc":{"start":{"line":211,"column":4},"end":{"line":213,"column":5}},"type":"if","locations":[{"start":{"line":211,"column":4},"end":{"line":213,"column":5}},{"start":{"line":211,"column":4},"end":{"line":213,"column":5}}],"line":211},"11":{"loc":{"start":{"line":211,"column":7},"end":{"line":211,"column":57}},"type":"binary-expr","locations":[{"start":{"line":211,"column":7},"end":{"line":211,"column":28}},{"start":{"line":211,"column":32},"end":{"line":211,"column":57}}],"line":211},"12":{"loc":{"start":{"line":217,"column":8},"end":{"line":232,"column":9}},"type":"if","locations":[{"start":{"line":217,"column":8},"end":{"line":232,"column":9}},{"start":{"line":217,"column":8},"end":{"line":232,"column":9}}],"line":217},"13":{"loc":{"start":{"line":221,"column":12},"end":{"line":223,"column":13}},"type":"if","locations":[{"start":{"line":221,"column":12},"end":{"line":223,"column":13}},{"start":{"line":221,"column":12},"end":{"line":223,"column":13}}],"line":221},"14":{"loc":{"start":{"line":224,"column":12},"end":{"line":230,"column":13}},"type":"if","locations":[{"start":{"line":224,"column":12},"end":{"line":230,"column":13}},{"start":{"line":224,"column":12},"end":{"line":230,"column":13}}],"line":224},"15":{"loc":{"start":{"line":226,"column":20},"end":{"line":228,"column":21}},"type":"if","locations":[{"start":{"line":226,"column":20},"end":{"line":228,"column":21}},{"start":{"line":226,"column":20},"end":{"line":228,"column":21}}],"line":226},"16":{"loc":{"start":{"line":253,"column":8},"end":{"line":255,"column":9}},"type":"if","locations":[{"start":{"line":253,"column":8},"end":{"line":255,"column":9}},{"start":{"line":253,"column":8},"end":{"line":255,"column":9}}],"line":253},"17":{"loc":{"start":{"line":253,"column":12},"end":{"line":253,"column":76}},"type":"binary-expr","locations":[{"start":{"line":253,"column":12},"end":{"line":253,"column":42}},{"start":{"line":253,"column":46},"end":{"line":253,"column":76}}],"line":253}},"s":{"0":9,"1":7,"2":7,"3":7,"4":26,"5":4,"6":22,"7":19,"8":19,"9":3,"10":7,"11":7,"12":2,"13":1,"14":1,"15":1,"16":1,"17":1,"18":1,"19":1,"20":12,"21":2,"22":2,"23":2,"24":2,"25":10,"26":10,"27":5,"28":5,"29":12,"30":44,"31":12,"32":32,"33":32,"34":12,"35":12,"36":12,"37":35,"38":12,"39":3,"40":3,"41":9,"42":9,"43":12,"44":1,"45":1,"46":1,"47":1,"48":1,"49":5,"50":2,"51":3,"52":3,"53":15,"54":3,"55":12,"56":1,"57":12,"58":2,"59":2,"60":5,"61":3,"62":12,"63":3,"64":3,"65":1,"66":8,"67":4,"68":4,"69":11,"70":11,"71":8,"72":6,"73":5,"74":5,"75":5,"76":1,"77":1,"78":1,"79":1,"80":1},"f":{"0":9,"1":26,"2":12,"3":44,"4":5,"5":15,"6":8,"7":4,"8":11},"b":{"0":[7,2],"1":[4,22],"2":[19,3],"3":[22,11],"4":[1],"5":[2],"6":[2,10],"7":[12,32],"8":[12,23],"9":[3,9],"10":[2,3],"11":[5,3],"12":[3,12],"13":[1,11],"14":[2,10],"15":[3,2],"16":[6,2],"17":[8,8]},"_coverageSchema":"1a1c01bbd47fc00a2c39e90264f33305004495a9","hash":"a42948ea7a62ea9d260b38e3d95fb239e78d5b11"}
}
