TN:
SF:main.js
FN:26,tickets
FN:33,calcCash
FN:80,getSum
FN:100,countdown
FN:195,getQuntityPostsByAuthor
FN:216,countPost
FN:244,complexFunction
FN:248,cache
FN:251,(anonymous_8)
FNF:9
FNH:9
FNDA:9,tickets
FNDA:26,calcCash
FNDA:12,getSum
FNDA:44,countdown
FNDA:5,getQuntityPostsByAuthor
FNDA:15,countPost
FNDA:8,complexFunction
FNDA:4,cache
FNDA:11,(anonymous_8)
DA:27,9
DA:28,7
DA:30,7
DA:31,7
DA:35,26
DA:37,4
DA:40,22
DA:41,19
DA:42,19
DA:45,3
DA:50,7
DA:52,7
DA:54,2
DA:57,1
DA:58,1
DA:59,1
DA:60,1
DA:61,1
DA:62,1
DA:68,1
DA:82,12
DA:83,2
DA:84,2
DA:85,2
DA:86,2
DA:90,10
DA:91,10
DA:92,5
DA:93,5
DA:99,12
DA:101,44
DA:102,12
DA:104,32
DA:105,32
DA:109,12
DA:110,12
DA:111,35
DA:112,12
DA:113,3
DA:114,3
DA:117,9
DA:118,9
DA:122,12
DA:125,1
DA:126,1
DA:127,1
DA:128,1
DA:133,1
DA:211,5
DA:212,2
DA:214,3
DA:215,3
DA:217,15
DA:218,3
DA:221,12
DA:222,1
DA:224,12
DA:225,2
DA:226,5
DA:227,3
DA:231,12
DA:235,3
DA:236,3
DA:240,1
DA:245,8
DA:249,4
DA:251,4
DA:252,11
DA:253,8
DA:254,6
DA:257,5
DA:258,5
DA:259,5
DA:262,1
DA:264,1
DA:265,1
DA:266,1
DA:269,1
LF:78
LH:78
BRDA:27,0,0,7
BRDA:27,0,1,2
BRDA:35,1,0,4
BRDA:35,1,1,22
BRDA:40,2,0,19
BRDA:40,2,1,3
BRDA:40,3,0,22
BRDA:40,3,1,11
BRDA:80,4,0,1
BRDA:80,5,0,2
BRDA:82,6,0,2
BRDA:82,6,1,10
BRDA:101,7,0,12
BRDA:101,7,1,32
BRDA:111,8,0,12
BRDA:111,8,1,23
BRDA:112,9,0,3
BRDA:112,9,1,9
BRDA:211,10,0,2
BRDA:211,10,1,3
BRDA:211,11,0,5
BRDA:211,11,1,3
BRDA:217,12,0,3
BRDA:217,12,1,12
BRDA:221,13,0,1
BRDA:221,13,1,11
BRDA:224,14,0,2
BRDA:224,14,1,10
BRDA:226,15,0,3
BRDA:226,15,1,2
BRDA:253,16,0,6
BRDA:253,16,1,2
BRDA:253,17,0,8
BRDA:253,17,1,8
BRF:34
BRH:34
end_of_record
